c:\users\win\source\repos\graphics\x64\release\vc143.pdb
c:\users\win\source\repos\graphics\x64\release\player.obj
c:\users\win\source\repos\graphics\x64\release\main.obj
c:\users\win\source\repos\graphics\x64\release\animation.obj
c:\users\win\source\repos\graphics\x64\release\graphics.ipdb
c:\users\win\source\repos\graphics\x64\release\graphics.iobj
c:\users\win\source\repos\graphics\x64\release\graphics.exe
c:\users\win\source\repos\graphics\x64\release\graphics.pdb
c:\users\win\source\repos\graphics\x64\release\graphics.res
c:\users\win\source\repos\graphics\x64\release\graphics.tlog\cl.command.1.tlog
c:\users\win\source\repos\graphics\x64\release\graphics.tlog\cl.items.tlog
c:\users\win\source\repos\graphics\x64\release\graphics.tlog\cl.read.1.tlog
c:\users\win\source\repos\graphics\x64\release\graphics.tlog\cl.write.1.tlog
c:\users\win\source\repos\graphics\x64\release\graphics.tlog\link.command.1.tlog
c:\users\win\source\repos\graphics\x64\release\graphics.tlog\link.read.1.tlog
c:\users\win\source\repos\graphics\x64\release\graphics.tlog\link.write.1.tlog
c:\users\win\source\repos\graphics\x64\release\graphics.tlog\link.write.2u.tlog
c:\users\win\source\repos\graphics\x64\release\graphics.tlog\rc.command.1.tlog
c:\users\win\source\repos\graphics\x64\release\graphics.tlog\rc.read.1.tlog
c:\users\win\source\repos\graphics\x64\release\graphics.tlog\rc.write.1.tlog
